<ehcache xmlns:xsi="http://www.w3.org/2001/XMLSchema-instance" xsi:noNamespaceSchemaLocation="ehcache.xsd" updateCheck="true" monitoring="autodetect"  dynamicConfig="true">
    <defaultCache 
	    eternal="false"
		timeToIdleSeconds="300" 
		timeToLiveSeconds="300">
	</defaultCache>
</ehcache>